<?xml version="1.0" encoding="UTF-8"?>
<testng-results skipped="0" failed="0" total="1" passed="1">
  <reporter-output>
    <line>
      <![CDATA[Phone Operator displayed is: AIRTEL]]>
    </line>
    <line>
      <![CDATA[Recharge amount displayed is: Enter Amount. 12. Double tap to edit.]]>
    </line>
  </reporter-output>
  <suite name="Suite" duration-ms="85443" started-at="2016-04-15T13:02:17Z" finished-at="2016-04-15T13:03:43Z">
    <groups>
    </groups>
    <test name="Test" duration-ms="85443" started-at="2016-04-15T13:02:17Z" finished-at="2016-04-15T13:03:43Z">
      <class name="com.pack.test.RechargeTest">
        <test-method status="PASS" signature="initialize()[pri:0, instance:com.pack.test.RechargeTest@1593948d]" name="initialize" is-config="true" duration-ms="24701" started-at="2016-04-15T18:32:17Z" finished-at="2016-04-15T18:32:42Z">
          <reporter-output>
          </reporter-output>
        </test-method> <!-- initialize -->
        <test-method status="PASS" signature="rechargePayTM(java.lang.String)[pri:0, instance:com.pack.test.RechargeTest@1593948d]" name="rechargePayTM" duration-ms="59686" started-at="2016-04-15T18:32:42Z" finished-at="2016-04-15T18:33:42Z">
          <params>
            <param index="0">
              <value>
                <![CDATA[9740172752]]>
              </value>
            </param>
          </params>
          <reporter-output>
            <line>
              <![CDATA[Phone Operator displayed is: AIRTEL]]>
            </line>
            <line>
              <![CDATA[Recharge amount displayed is: Enter Amount. 12. Double tap to edit.]]>
            </line>
          </reporter-output>
        </test-method> <!-- rechargePayTM -->
        <test-method status="PASS" signature="tearDown()[pri:0, instance:com.pack.test.RechargeTest@1593948d]" name="tearDown" is-config="true" duration-ms="1020" started-at="2016-04-15T18:33:42Z" finished-at="2016-04-15T18:33:43Z">
          <reporter-output>
          </reporter-output>
        </test-method> <!-- tearDown -->
      </class> <!-- com.pack.test.RechargeTest -->
    </test> <!-- Test -->
  </suite> <!-- Suite -->
</testng-results>
