<?xml version="1.0" encoding="UTF-8"?>
<testng-results skipped="0" failed="0" total="1" passed="1">
  <reporter-output>
  </reporter-output>
  <suite name="Suite" duration-ms="95681" started-at="2016-04-15T09:10:36Z" finished-at="2016-04-15T09:12:11Z">
    <groups>
    </groups>
    <test name="Test" duration-ms="95681" started-at="2016-04-15T09:10:36Z" finished-at="2016-04-15T09:12:11Z">
      <class name="com.pack.test.RechargeTest">
        <test-method status="PASS" signature="initialize()[pri:0, instance:com.pack.test.RechargeTest@68be2bc2]" name="initialize" is-config="true" duration-ms="29773" started-at="2016-04-15T14:40:36Z" finished-at="2016-04-15T14:41:05Z">
          <reporter-output>
          </reporter-output>
        </test-method> <!-- initialize -->
        <test-method status="PASS" signature="rechargePayTM(java.lang.String)[pri:0, instance:com.pack.test.RechargeTest@68be2bc2]" name="rechargePayTM" duration-ms="64794" started-at="2016-04-15T14:41:05Z" finished-at="2016-04-15T14:42:10Z">
          <params>
            <param index="0">
              <value>
                <![CDATA[9740172752]]>
              </value>
            </param>
          </params>
          <reporter-output>
          </reporter-output>
        </test-method> <!-- rechargePayTM -->
        <test-method status="PASS" signature="tearDown()[pri:0, instance:com.pack.test.RechargeTest@68be2bc2]" name="tearDown" is-config="true" duration-ms="1080" started-at="2016-04-15T14:42:10Z" finished-at="2016-04-15T14:42:11Z">
          <reporter-output>
          </reporter-output>
        </test-method> <!-- tearDown -->
      </class> <!-- com.pack.test.RechargeTest -->
    </test> <!-- Test -->
  </suite> <!-- Suite -->
</testng-results>
