<?xml version="1.0" encoding="UTF-8"?>
<testng-results skipped="0" failed="0" total="3" passed="3">
  <reporter-output>
  </reporter-output>
  <suite name="FrameworkDemo" duration-ms="45531" started-at="2016-04-11T06:54:43Z" finished-at="2016-04-11T06:55:29Z">
    <groups>
    </groups>
    <test name="GoTest" duration-ms="45531" started-at="2016-04-11T06:54:43Z" finished-at="2016-04-11T06:55:29Z">
      <class name="com.pack.test.BasePageTest">
        <test-method status="PASS" signature="initializeTestBaseSetup(java.lang.String, java.lang.String)[pri:0, instance:com.pack.test.BasePageTest@735f7ae5]" name="initializeTestBaseSetup" is-config="true" duration-ms="29297" started-at="2016-04-11T12:24:43Z" finished-at="2016-04-11T12:25:13Z">
          <params>
            <param index="0">
              <value>
                <![CDATA[firefox]]>
              </value>
            </param>
            <param index="1">
              <value>
                <![CDATA[https://www.google.co.in/]]>
              </value>
            </param>
          </params>
          <reporter-output>
          </reporter-output>
        </test-method> <!-- initializeTestBaseSetup -->
        <test-method status="PASS" signature="setUp()[pri:0, instance:com.pack.test.BasePageTest@735f7ae5]" name="setUp" is-config="true" duration-ms="17" started-at="2016-04-11T12:25:13Z" finished-at="2016-04-11T12:25:13Z">
          <reporter-output>
          </reporter-output>
        </test-method> <!-- setUp -->
        <test-method status="PASS" signature="verifyHomePage()[pri:0, instance:com.pack.test.BasePageTest@735f7ae5]" name="verifyHomePage" duration-ms="427" started-at="2016-04-11T12:25:13Z" finished-at="2016-04-11T12:25:13Z">
          <reporter-output>
          </reporter-output>
        </test-method> <!-- verifyHomePage -->
        <test-method status="PASS" signature="tearDown(org.testng.ITestResult)[pri:0, instance:com.pack.test.BasePageTest@735f7ae5]" name="tearDown" is-config="true" duration-ms="0" started-at="2016-04-11T12:25:13Z" finished-at="2016-04-11T12:25:13Z">
          <params>
            <param index="0">
              <value>
                <![CDATA[[TestResult name=verifyHomePage status=SUCCESS method=BasePageTest.verifyHomePage()[pri:0, instance:com.pack.test.BasePageTest@735f7ae5] output={null}]]]>
              </value>
            </param>
          </params>
          <reporter-output>
          </reporter-output>
        </test-method> <!-- tearDown -->
        <test-method status="PASS" signature="tearDown()[pri:0, instance:com.pack.test.BasePageTest@735f7ae5]" name="tearDown" is-config="true" duration-ms="2416" started-at="2016-04-11T12:25:13Z" finished-at="2016-04-11T12:25:16Z">
          <reporter-output>
          </reporter-output>
        </test-method> <!-- tearDown -->
      </class> <!-- com.pack.test.BasePageTest -->
      <class name="com.pack.test.SignInPageTest">
        <test-method status="PASS" signature="initializeTestBaseSetup(java.lang.String, java.lang.String)[pri:0, instance:com.pack.test.SignInPageTest@17550481]" name="initializeTestBaseSetup" is-config="true" duration-ms="38547" started-at="2016-04-11T12:24:43Z" finished-at="2016-04-11T12:25:22Z">
          <params>
            <param index="0">
              <value>
                <![CDATA[firefox]]>
              </value>
            </param>
            <param index="1">
              <value>
                <![CDATA[https://www.google.co.in/]]>
              </value>
            </param>
          </params>
          <reporter-output>
          </reporter-output>
        </test-method> <!-- initializeTestBaseSetup -->
        <test-method status="PASS" signature="setUp()[pri:0, instance:com.pack.test.SignInPageTest@17550481]" name="setUp" is-config="true" duration-ms="0" started-at="2016-04-11T12:25:22Z" finished-at="2016-04-11T12:25:22Z">
          <reporter-output>
          </reporter-output>
        </test-method> <!-- setUp -->
        <test-method status="PASS" signature="verifySignInFunction()[pri:0, instance:com.pack.test.SignInPageTest@17550481]" name="verifySignInFunction" duration-ms="6349" started-at="2016-04-11T12:25:22Z" finished-at="2016-04-11T12:25:28Z">
          <reporter-output>
          </reporter-output>
        </test-method> <!-- verifySignInFunction -->
        <test-method status="PASS" signature="tearDown()[pri:0, instance:com.pack.test.SignInPageTest@17550481]" name="tearDown" is-config="true" duration-ms="602" started-at="2016-04-11T12:25:28Z" finished-at="2016-04-11T12:25:29Z">
          <reporter-output>
          </reporter-output>
        </test-method> <!-- tearDown -->
        <test-method status="PASS" signature="tearDown(org.testng.ITestResult)[pri:0, instance:com.pack.test.SignInPageTest@17550481]" name="tearDown" is-config="true" duration-ms="0" started-at="2016-04-11T12:25:28Z" finished-at="2016-04-11T12:25:28Z">
          <params>
            <param index="0">
              <value>
                <![CDATA[[TestResult name=verifySignInFunction status=SUCCESS method=SignInPageTest.verifySignInFunction()[pri:0, instance:com.pack.test.SignInPageTest@17550481] output={null}]]]>
              </value>
            </param>
          </params>
          <reporter-output>
          </reporter-output>
        </test-method> <!-- tearDown -->
      </class> <!-- com.pack.test.SignInPageTest -->
      <class name="com.pack.test.CreateAnAccounTest">
        <test-method status="PASS" signature="initializeTestBaseSetup(java.lang.String, java.lang.String)[pri:0, instance:com.pack.test.CreateAnAccounTest@783e6358]" name="initializeTestBaseSetup" is-config="true" duration-ms="14322" started-at="2016-04-11T12:24:43Z" finished-at="2016-04-11T12:24:58Z">
          <params>
            <param index="0">
              <value>
                <![CDATA[firefox]]>
              </value>
            </param>
            <param index="1">
              <value>
                <![CDATA[https://www.google.co.in/]]>
              </value>
            </param>
          </params>
          <reporter-output>
          </reporter-output>
        </test-method> <!-- initializeTestBaseSetup -->
        <test-method status="PASS" signature="setUp()[pri:0, instance:com.pack.test.CreateAnAccounTest@783e6358]" name="setUp" is-config="true" duration-ms="34" started-at="2016-04-11T12:24:58Z" finished-at="2016-04-11T12:24:58Z">
          <reporter-output>
          </reporter-output>
        </test-method> <!-- setUp -->
        <test-method status="PASS" signature="CreateAnAccounPage(java.lang.String, java.lang.String, java.lang.String)[pri:0, instance:com.pack.test.CreateAnAccounTest@783e6358]" name="CreateAnAccounPage" duration-ms="20736" started-at="2016-04-11T12:24:58Z" data-provider="createAccount" finished-at="2016-04-11T12:25:19Z">
          <params>
            <param index="0">
              <value>
                <![CDATA[Chinmay]]>
              </value>
            </param>
            <param index="1">
              <value>
                <![CDATA[Satapathy]]>
              </value>
            </param>
            <param index="2">
              <value>
                <![CDATA[9740172751]]>
              </value>
            </param>
          </params>
          <reporter-output>
          </reporter-output>
        </test-method> <!-- CreateAnAccounPage -->
        <test-method status="PASS" signature="tearDown(org.testng.ITestResult)[pri:0, instance:com.pack.test.CreateAnAccounTest@783e6358]" name="tearDown" is-config="true" duration-ms="4" started-at="2016-04-11T12:25:19Z" finished-at="2016-04-11T12:25:19Z">
          <params>
            <param index="0">
              <value>
                <![CDATA[[TestResult name=CreateAnAccounPage status=SUCCESS method=CreateAnAccounTest.CreateAnAccounPage(java.lang.String, java.lang.String, java.lang.String)[pri:0, instance:com.pack.test.CreateAnAccounTest@783e6358] output={null}]]]>
              </value>
            </param>
          </params>
          <reporter-output>
          </reporter-output>
        </test-method> <!-- tearDown -->
        <test-method status="PASS" signature="tearDown()[pri:0, instance:com.pack.test.CreateAnAccounTest@783e6358]" name="tearDown" is-config="true" duration-ms="1" started-at="2016-04-11T12:25:19Z" finished-at="2016-04-11T12:25:19Z">
          <reporter-output>
          </reporter-output>
        </test-method> <!-- tearDown -->
      </class> <!-- com.pack.test.CreateAnAccounTest -->
    </test> <!-- GoTest -->
  </suite> <!-- FrameworkDemo -->
</testng-results>
