<?xml version="1.0" encoding="UTF-8"?>
<testng-results skipped="0" failed="0" total="3" passed="3">
  <reporter-output>
  </reporter-output>
  <suite name="FrameworkDemo" duration-ms="41416" started-at="2016-03-21T13:14:28Z" finished-at="2016-03-21T13:15:10Z">
    <groups>
    </groups>
    <test name="GoTest" duration-ms="41416" started-at="2016-03-21T13:14:28Z" finished-at="2016-03-21T13:15:10Z">
      <class name="com.pack.test.BasePageTest">
        <test-method status="PASS" signature="initializeTestBaseSetup(java.lang.String, java.lang.String)[pri:0, instance:com.pack.test.BasePageTest@3b81a1bc]" name="initializeTestBaseSetup" is-config="true" duration-ms="8211" started-at="2016-03-21T18:45:00Z" finished-at="2016-03-21T18:45:08Z">
          <params>
            <param index="0">
              <value>
                <![CDATA[firefox]]>
              </value>
            </param>
            <param index="1">
              <value>
                <![CDATA[https://www.google.co.in/]]>
              </value>
            </param>
          </params>
          <reporter-output>
          </reporter-output>
        </test-method> <!-- initializeTestBaseSetup -->
        <test-method status="PASS" signature="setUp()[pri:0, instance:com.pack.test.BasePageTest@3b81a1bc]" name="setUp" is-config="true" duration-ms="6" started-at="2016-03-21T18:45:08Z" finished-at="2016-03-21T18:45:08Z">
          <reporter-output>
          </reporter-output>
        </test-method> <!-- setUp -->
        <test-method status="PASS" signature="verifyHomePage()[pri:0, instance:com.pack.test.BasePageTest@3b81a1bc]" name="verifyHomePage" duration-ms="242" started-at="2016-03-21T18:45:08Z" finished-at="2016-03-21T18:45:09Z">
          <reporter-output>
          </reporter-output>
        </test-method> <!-- verifyHomePage -->
        <test-method status="PASS" signature="tearDown(org.testng.ITestResult)[pri:0, instance:com.pack.test.BasePageTest@3b81a1bc]" name="tearDown" is-config="true" duration-ms="0" started-at="2016-03-21T18:45:09Z" finished-at="2016-03-21T18:45:09Z">
          <params>
            <param index="0">
              <value>
                <![CDATA[[TestResult name=verifyHomePage status=SUCCESS method=BasePageTest.verifyHomePage()[pri:0, instance:com.pack.test.BasePageTest@3b81a1bc] output={null}]]]>
              </value>
            </param>
          </params>
          <reporter-output>
          </reporter-output>
        </test-method> <!-- tearDown -->
        <test-method status="PASS" signature="tearDown()[pri:0, instance:com.pack.test.BasePageTest@3b81a1bc]" name="tearDown" is-config="true" duration-ms="1011" started-at="2016-03-21T18:45:09Z" finished-at="2016-03-21T18:45:10Z">
          <reporter-output>
          </reporter-output>
        </test-method> <!-- tearDown -->
      </class> <!-- com.pack.test.BasePageTest -->
      <class name="com.pack.test.SignInPageTest">
        <test-method status="PASS" signature="initializeTestBaseSetup(java.lang.String, java.lang.String)[pri:0, instance:com.pack.test.SignInPageTest@5f2050f6]" name="initializeTestBaseSetup" is-config="true" duration-ms="7783" started-at="2016-03-21T18:44:46Z" finished-at="2016-03-21T18:44:54Z">
          <params>
            <param index="0">
              <value>
                <![CDATA[firefox]]>
              </value>
            </param>
            <param index="1">
              <value>
                <![CDATA[https://www.google.co.in/]]>
              </value>
            </param>
          </params>
          <reporter-output>
          </reporter-output>
        </test-method> <!-- initializeTestBaseSetup -->
        <test-method status="PASS" signature="setUp()[pri:0, instance:com.pack.test.SignInPageTest@5f2050f6]" name="setUp" is-config="true" duration-ms="0" started-at="2016-03-21T18:44:54Z" finished-at="2016-03-21T18:44:54Z">
          <reporter-output>
          </reporter-output>
        </test-method> <!-- setUp -->
        <test-method status="PASS" signature="verifySignInFunction()[pri:0, instance:com.pack.test.SignInPageTest@5f2050f6]" name="verifySignInFunction" duration-ms="5491" started-at="2016-03-21T18:44:54Z" finished-at="2016-03-21T18:44:59Z">
          <reporter-output>
          </reporter-output>
        </test-method> <!-- verifySignInFunction -->
        <test-method status="PASS" signature="tearDown(org.testng.ITestResult)[pri:0, instance:com.pack.test.SignInPageTest@5f2050f6]" name="tearDown" is-config="true" duration-ms="1" started-at="2016-03-21T18:44:59Z" finished-at="2016-03-21T18:44:59Z">
          <params>
            <param index="0">
              <value>
                <![CDATA[[TestResult name=verifySignInFunction status=SUCCESS method=SignInPageTest.verifySignInFunction()[pri:0, instance:com.pack.test.SignInPageTest@5f2050f6] output={null}]]]>
              </value>
            </param>
          </params>
          <reporter-output>
          </reporter-output>
        </test-method> <!-- tearDown -->
        <test-method status="PASS" signature="tearDown()[pri:0, instance:com.pack.test.SignInPageTest@5f2050f6]" name="tearDown" is-config="true" duration-ms="1070" started-at="2016-03-21T18:44:59Z" finished-at="2016-03-21T18:45:00Z">
          <reporter-output>
          </reporter-output>
        </test-method> <!-- tearDown -->
      </class> <!-- com.pack.test.SignInPageTest -->
      <class name="com.pack.test.CreateAnAccounTest">
        <test-method status="PASS" signature="initializeTestBaseSetup(java.lang.String, java.lang.String)[pri:0, instance:com.pack.test.CreateAnAccounTest@26ba2a48]" name="initializeTestBaseSetup" is-config="true" duration-ms="10819" started-at="2016-03-21T18:44:28Z" finished-at="2016-03-21T18:44:39Z">
          <params>
            <param index="0">
              <value>
                <![CDATA[firefox]]>
              </value>
            </param>
            <param index="1">
              <value>
                <![CDATA[https://www.google.co.in/]]>
              </value>
            </param>
          </params>
          <reporter-output>
          </reporter-output>
        </test-method> <!-- initializeTestBaseSetup -->
        <test-method status="PASS" signature="setUp()[pri:0, instance:com.pack.test.CreateAnAccounTest@26ba2a48]" name="setUp" is-config="true" duration-ms="9" started-at="2016-03-21T18:44:39Z" finished-at="2016-03-21T18:44:39Z">
          <reporter-output>
          </reporter-output>
        </test-method> <!-- setUp -->
        <test-method status="PASS" signature="CreateAnAccounPage(java.lang.String, java.lang.String, java.lang.String)[pri:0, instance:com.pack.test.CreateAnAccounTest@26ba2a48]" name="CreateAnAccounPage" duration-ms="5493" started-at="2016-03-21T18:44:39Z" data-provider="createAccount" finished-at="2016-03-21T18:44:45Z">
          <params>
            <param index="0">
              <value>
                <![CDATA[Chinmay]]>
              </value>
            </param>
            <param index="1">
              <value>
                <![CDATA[Satapathy]]>
              </value>
            </param>
            <param index="2">
              <value>
                <![CDATA[9740172751]]>
              </value>
            </param>
          </params>
          <reporter-output>
          </reporter-output>
        </test-method> <!-- CreateAnAccounPage -->
        <test-method status="PASS" signature="tearDown(org.testng.ITestResult)[pri:0, instance:com.pack.test.CreateAnAccounTest@26ba2a48]" name="tearDown" is-config="true" duration-ms="1" started-at="2016-03-21T18:44:45Z" finished-at="2016-03-21T18:44:45Z">
          <params>
            <param index="0">
              <value>
                <![CDATA[[TestResult name=CreateAnAccounPage status=SUCCESS method=CreateAnAccounTest.CreateAnAccounPage(java.lang.String, java.lang.String, java.lang.String)[pri:0, instance:com.pack.test.CreateAnAccounTest@26ba2a48] output={null}]]]>
              </value>
            </param>
          </params>
          <reporter-output>
          </reporter-output>
        </test-method> <!-- tearDown -->
        <test-method status="PASS" signature="tearDown()[pri:0, instance:com.pack.test.CreateAnAccounTest@26ba2a48]" name="tearDown" is-config="true" duration-ms="877" started-at="2016-03-21T18:44:45Z" finished-at="2016-03-21T18:44:46Z">
          <reporter-output>
          </reporter-output>
        </test-method> <!-- tearDown -->
      </class> <!-- com.pack.test.CreateAnAccounTest -->
    </test> <!-- GoTest -->
  </suite> <!-- FrameworkDemo -->
</testng-results>
