<?xml version="1.0" encoding="UTF-8"?>
<!-- Generated by org.testng.reporters.JUnitXMLReporter -->
<testsuite hostname="ASCDK041" name="GoTest" tests="6" failures="3" timestamp="10 Mar 2016 09:41:40 GMT" time="75.542" errors="0">
  <testcase name="CreateAnAccounPage" time="5.559" classname="com.pack.test.CreateAnAccounTest"/>
  <testcase name="CreateAnAccounPage" time="6.005" classname="com.pack.test.CreateAnAccounTest">
    <failure type="java.lang.NullPointerException">
      <![CDATA[java.lang.NullPointerException
	at com.pack.listners.ListenerClass.onTestSuccess(ListenerClass.java:30)
... Removed 21 stack frames]]>
    </failure>
  </testcase> <!-- CreateAnAccounPage -->
  <testcase name="verifySignInFunction" time="40.572" classname="com.pack.test.SignInPageTest"/>
  <testcase name="verifySignInFunction" time="40.574" classname="com.pack.test.SignInPageTest">
    <failure type="java.lang.NullPointerException">
      <![CDATA[java.lang.NullPointerException
	at com.pack.listners.ListenerClass.onTestSuccess(ListenerClass.java:30)
... Removed 21 stack frames]]>
    </failure>
  </testcase> <!-- verifySignInFunction -->
  <testcase name="verifyHomePage" time="0.123" classname="com.pack.test.BasePageTest"/>
  <testcase name="verifyHomePage" time="0.129" classname="com.pack.test.BasePageTest">
    <failure type="java.lang.NullPointerException">
      <![CDATA[java.lang.NullPointerException
	at com.pack.listners.ListenerClass.onTestSuccess(ListenerClass.java:30)
... Removed 21 stack frames]]>
    </failure>
  </testcase> <!-- verifyHomePage -->
</testsuite> <!-- GoTest -->
