<?xml version="1.0" encoding="UTF-8"?>
<!-- Generated by org.testng.reporters.JUnitXMLReporter -->
<testsuite hostname="ASCDK041" name="GoTest" tests="3" failures="0" timestamp="11 Apr 2016 06:55:29 GMT" time="45.531" errors="0">
  <testcase name="verifyHomePage" time="0.427" classname="com.pack.test.BasePageTest"/>
  <testcase name="CreateAnAccounPage" time="20.736" classname="com.pack.test.CreateAnAccounTest"/>
  <testcase name="verifySignInFunction" time="6.349" classname="com.pack.test.SignInPageTest"/>
</testsuite> <!-- GoTest -->
