<?xml version="1.0" encoding="UTF-8"?>
<testng-results skipped="0" failed="0" total="1" passed="1">
  <reporter-output>
  </reporter-output>
  <suite name="Suite" duration-ms="16876" started-at="2016-03-01T13:30:01Z" finished-at="2016-03-01T13:30:18Z">
    <groups>
    </groups>
    <test name="Test" duration-ms="16876" started-at="2016-03-01T13:30:01Z" finished-at="2016-03-01T13:30:18Z">
      <class name="MavenTest">
        <test-method status="PASS" signature="test()[pri:0, instance:MavenTest@1b40d5f0]" name="test" duration-ms="16851" started-at="2016-03-01T19:00:01Z" finished-at="2016-03-01T19:00:18Z">
          <reporter-output>
          </reporter-output>
        </test-method> <!-- test -->
      </class> <!-- MavenTest -->
    </test> <!-- Test -->
  </suite> <!-- Suite -->
</testng-results>
